-------------------------------------------------------------------------------
Test set: ScheduleServiceIntegrationTest
-------------------------------------------------------------------------------
Tests run: 5, Failures: 1, Errors: 3, Skipped: 0, Time elapsed: 4.976 s <<< FAILURE! - in ScheduleServiceIntegrationTest
DBIntegrationTestUpdate  Time elapsed: 0.189 s  <<< ERROR!
java.lang.NullPointerException: Cannot invoke "com.NetCracker.Entities.Schedule.DoctorSchedule.getStateSet()" because "commonLoadedSchedule" is null
	at ScheduleServiceIntegrationTest.DBIntegrationTestUpdate(ScheduleServiceIntegrationTest.java:167)

testStatusGet  Time elapsed: 0.029 s  <<< FAILURE!
org.opentest4j.AssertionFailedError: expected: not <null>
	at ScheduleServiceIntegrationTest.testStatusGet(ScheduleServiceIntegrationTest.java:98)

testStatusSet  Time elapsed: 0.025 s  <<< ERROR!
org.springframework.dao.InvalidDataAccessApiUsageException: detached entity passed to persist: com.NetCracker.Entities.Schedule.DoctorSchedule; nested exception is org.hibernate.PersistentObjectException: detached entity passed to persist: com.NetCracker.Entities.Schedule.DoctorSchedule
	at ScheduleServiceIntegrationTest.testStatusSet(ScheduleServiceIntegrationTest.java:110)
Caused by: org.hibernate.PersistentObjectException: detached entity passed to persist: com.NetCracker.Entities.Schedule.DoctorSchedule
	at ScheduleServiceIntegrationTest.testStatusSet(ScheduleServiceIntegrationTest.java:110)

DBIntegrationTestCreate  Time elapsed: 0.023 s  <<< ERROR!
java.lang.NullPointerException: Cannot invoke "com.NetCracker.Entities.Schedule.DoctorSchedule.getId()" because "loadedSchedule" is null
	at ScheduleServiceIntegrationTest.DBIntegrationTestCreate(ScheduleServiceIntegrationTest.java:150)

