<?xml version="1.0" encoding="UTF-8"?>
<testsuite xmlns:xsi="http://www.w3.org/2001/XMLSchema-instance" xsi:noNamespaceSchemaLocation="https://maven.apache.org/surefire/maven-surefire-plugin/xsd/surefire-test-report.xsd" name="ScheduleServiceIntegrationTest" time="4.976" tests="5" errors="3" skipped="0" failures="1">
  <properties>
[...]
</properties>
  <testcase name="DBIntegrationTestUpdate" classname="ScheduleServiceIntegrationTest" time="0.189">
    <error message="Cannot invoke &quot;com.NetCracker.Entities.Schedule.DoctorSchedule.getStateSet()&quot; because &quot;commonLoadedSchedule&quot; is null" type="java.lang.NullPointerException">java.lang.NullPointerException: Cannot invoke "com.NetCracker.Entities.Schedule.DoctorSchedule.getStateSet()" because "commonLoadedSchedule" is null
	at ScheduleServiceIntegrationTest.DBIntegrationTestUpdate(ScheduleServiceIntegrationTest.java:167)
</error>
    <system-out><![CDATA[17:04:22.049 [main] DEBUG org.springframework.test.context.BootstrapUtils - Instantiating CacheAwareContextLoaderDelegate from class [org.springframework.test.context.cache.DefaultCacheAwareContextLoaderDelegate]
17:04:22.065 [main] DEBUG org.springframework.test.context.BootstrapUtils - Instantiating BootstrapContext using constructor [public org.springframework.test.context.support.DefaultBootstrapContext(java.lang.Class,org.springframework.test.context.CacheAwareContextLoaderDelegate)]
17:04:22.077 [main] DEBUG org.springframework.test.context.BootstrapUtils - Instantiating TestContextBootstrapper for test class [ScheduleServiceIntegrationTest] from class [org.springframework.boot.test.context.SpringBootTestContextBootstrapper]
17:04:22.087 [main] INFO org.springframework.boot.test.context.SpringBootTestContextBootstrapper - Neither @ContextConfiguration nor @ContextHierarchy found for test class [ScheduleServiceIntegrationTest], using SpringBootContextLoader
17:04:22.091 [main] DEBUG org.springframework.test.context.support.AbstractContextLoader - Did not detect default resource location for test class [ScheduleServiceIntegrationTest]: class path resource [ScheduleServiceIntegrationTest-context.xml] does not exist
17:04:22.091 [main] DEBUG org.springframework.test.context.support.AbstractContextLoader - Did not detect default resource location for test class [ScheduleServiceIntegrationTest]: class path resource [ScheduleServiceIntegrationTestContext.groovy] does not exist
17:04:22.091 [main] INFO org.springframework.test.context.support.AbstractContextLoader - Could not detect default resource locations for test class [ScheduleServiceIntegrationTest]: no resource found for suffixes {-context.xml, Context.groovy}.
17:04:22.124 [main] DEBUG org.springframework.test.context.support.ActiveProfilesUtils - Could not find an 'annotation declaring class' for annotation type [org.springframework.test.context.ActiveProfiles] and class [ScheduleServiceIntegrationTest]
17:04:22.218 [main] DEBUG org.springframework.boot.test.context.SpringBootTestContextBootstrapper - @TestExecutionListeners is not present for class [ScheduleServiceIntegrationTest]: using defaults.
17:04:22.218 [main] INFO org.springframework.boot.test.context.SpringBootTestContextBootstrapper - Loaded default TestExecutionListener class names from location [META-INF/spring.factories]: [org.springframework.boot.test.mock.mockito.MockitoTestExecutionListener, org.springframework.boot.test.mock.mockito.ResetMocksTestExecutionListener, org.springframework.boot.test.autoconfigure.restdocs.RestDocsTestExecutionListener, org.springframework.boot.test.autoconfigure.web.client.MockRestServiceServerResetTestExecutionListener, org.springframework.boot.test.autoconfigure.web.servlet.MockMvcPrintOnlyOnFailureTestExecutionListener, org.springframework.boot.test.autoconfigure.web.servlet.WebDriverTestExecutionListener, org.springframework.test.context.web.ServletTestExecutionListener, org.springframework.test.context.support.DirtiesContextBeforeModesTestExecutionListener, org.springframework.test.context.support.DependencyInjectionTestExecutionListener, org.springframework.test.context.support.DirtiesContextTestExecutionListener, org.springframework.test.context.transaction.TransactionalTestExecutionListener, org.springframework.test.context.jdbc.SqlScriptsTestExecutionListener]
17:04:22.235 [main] INFO org.springframework.boot.test.context.SpringBootTestContextBootstrapper - Using TestExecutionListeners: [org.springframework.test.context.web.ServletTestExecutionListener@50029372, org.springframework.test.context.support.DirtiesContextBeforeModesTestExecutionListener@e3b3b2f, org.springframework.boot.test.mock.mockito.MockitoTestExecutionListener@50f6ac94, org.springframework.boot.test.autoconfigure.SpringBootDependencyInjectionTestExecutionListener@6cc4cdb9, org.springframework.test.context.support.DirtiesContextTestExecutionListener@28194a50, org.springframework.test.context.transaction.TransactionalTestExecutionListener@7f2cfe3f, org.springframework.test.context.jdbc.SqlScriptsTestExecutionListener@1a5b6f42, org.springframework.boot.test.mock.mockito.ResetMocksTestExecutionListener@5038d0b5, org.springframework.boot.test.autoconfigure.restdocs.RestDocsTestExecutionListener@32115b28, org.springframework.boot.test.autoconfigure.web.client.MockRestServiceServerResetTestExecutionListener@2ad48653, org.springframework.boot.test.autoconfigure.web.servlet.MockMvcPrintOnlyOnFailureTestExecutionListener@6bb4dd34, org.springframework.boot.test.autoconfigure.web.servlet.WebDriverTestExecutionListener@7d9f158f]
17:04:22.238 [main] DEBUG org.springframework.test.context.support.AbstractDirtiesContextTestExecutionListener - Before test class: context [DefaultTestContext@79defdc testClass = ScheduleServiceIntegrationTest, testInstance = [null], testMethod = [null], testException = [null], mergedContextConfiguration = [WebMergedContextConfiguration@18317edc testClass = ScheduleServiceIntegrationTest, locations = '{}', classes = '{class com.NetCracker.Main, class com.NetCracker.Main}', contextInitializerClasses = '[]', activeProfiles = '{}', propertySourceLocations = '{}', propertySourceProperties = '{org.springframework.boot.test.context.SpringBootTestContextBootstrapper=true}', contextCustomizers = set[org.springframework.boot.test.context.filter.ExcludeFilterContextCustomizer@757277dc, org.springframework.boot.test.json.DuplicateJsonObjectContextCustomizerFactory$DuplicateJsonObjectContextCustomizer@6aaceffd, org.springframework.boot.test.mock.mockito.MockitoContextCustomizer@0, org.springframework.boot.test.web.client.TestRestTemplateContextCustomizer@3c0be339, org.springframework.boot.test.autoconfigure.properties.PropertyMappingContextCustomizer@0, org.springframework.boot.test.autoconfigure.web.servlet.WebDriverContextCustomizerFactory$Customizer@3e96bacf], resourceBasePath = 'src/main/webapp', contextLoader = 'org.springframework.boot.test.context.SpringBootContextLoader', parent = [null]], attributes = map['org.springframework.test.context.web.ServletTestExecutionListener.activateListener' -> true]], class annotated with @DirtiesContext [false] with mode [null].
17:04:22.267 [main] DEBUG org.springframework.core.env.StandardEnvironment - Adding PropertySource 'systemProperties' with lowest search precedence
17:04:22.267 [main] DEBUG org.springframework.core.env.StandardEnvironment - Adding PropertySource 'systemEnvironment' with lowest search precedence
17:04:22.268 [main] DEBUG org.springframework.core.env.StandardEnvironment - Initialized StandardEnvironment with PropertySources [MapPropertySource@1696263571 {name='systemProperties', properties={java.specification.version=15, sun.jnu.encoding=UTF-8, java.class.path=/Users/mikhail/hospital-applcation-project/target/test-classes:/Users/mikhail/hospital-applcation-project/target/classes:/Users/mikhail/.m2/repository/org/springframework/boot/spring-boot-starter-web/2.0.0.RELEASE/spring-boot-starter-web-2.0.0.RELEASE.jar:/Users/mikhail/.m2/repository/org/springframework/boot/spring-boot-starter/2.0.0.RELEASE/spring-boot-starter-2.0.0.RELEASE.jar:/Users/mikhail/.m2/repository/org/springframework/boot/spring-boot-starter-logging/2.0.0.RELEASE/spring-boot-starter-logging-2.0.0.RELEASE.jar:/Users/mikhail/.m2/repository/ch/qos/logback/logback-classic/1.2.3/logback-classic-1.2.3.jar:/Users/mikhail/.m2/repository/ch/qos/logback/logback-core/1.2.3/logback-core-1.2.3.jar:/Users/mikhail/.m2/repository/org/apache/logging/log4j/log4j-to-slf4j/2.10.0/log4j-to-slf4j-2.10.0.jar:/Users/mikhail/.m2/repository/org/apache/logging/log4j/log4j-api/2.10.0/log4j-api-2.10.0.jar:/Users/mikhail/.m2/repository/org/slf4j/jul-to-slf4j/1.7.25/jul-to-slf4j-1.7.25.jar:/Users/mikhail/.m2/repository/javax/annotation/javax.annotation-api/1.3.2/javax.annotation-api-1.3.2.jar:/Users/mikhail/.m2/repository/org/yaml/snakeyaml/1.19/snakeyaml-1.19.jar:/Users/mikhail/.m2/repository/org/springframework/boot/spring-boot-starter-json/2.0.0.RELEASE/spring-boot-starter-json-2.0.0.RELEASE.jar:/Users/mikhail/.m2/repository/com/fasterxml/jackson/core/jackson-databind/2.9.4/jackson-databind-2.9.4.jar:/Users/mikhail/.m2/repository/com/fasterxml/jackson/core/jackson-annotations/2.9.0/jackson-annotations-2.9.0.jar:/Users/mikhail/.m2/repository/com/fasterxml/jackson/core/jackson-core/2.9.4/jackson-core-2.9.4.jar:/Users/mikhail/.m2/repository/com/fasterxml/jackson/datatype/jackson-datatype-jdk8/2.9.4/jackson-datatype-jdk8-2.9.4.jar:/Users/mikhail/.m2/repository/com/fasterxml/jackson/datatype/jackson-datatype-jsr310/2.9.4/jackson-datatype-jsr310-2.9.4.jar:/Users/mikhail/.m2/repository/com/fasterxml/jackson/module/jackson-module-parameter-names/2.9.4/jackson-module-parameter-names-2.9.4.jar:/Users/mikhail/.m2/repository/org/springframework/boot/spring-boot-starter-tomcat/2.0.0.RELEASE/spring-boot-starter-tomcat-2.0.0.RELEASE.jar:/Users/mikhail/.m2/repository/org/apache/tomcat/embed/tomcat-embed-websocket/8.5.28/tomcat-embed-websocket-8.5.28.jar:/Users/mikhail/.m2/repository/org/hibernate/validator/hibernate-validator/6.0.7.Final/hibernate-validator-6.0.7.Final.jar:/Users/mikhail/.m2/repository/javax/validation/validation-api/2.0.1.Final/validation-api-2.0.1.Final.jar:/Users/mikhail/.m2/repository/org/springframework/spring-web/5.0.4.RELEASE/spring-web-5.0.4.RELEASE.jar:/Users/mikhail/.m2/repository/org/springframework/spring-beans/5.0.4.RELEASE/spring-beans-5.0.4.RELEASE.jar:/Users/mikhail/.m2/repository/org/springframework/spring-webmvc/5.0.4.RELEASE/spring-webmvc-5.0.4.RELEASE.jar:/Users/mikhail/.m2/repository/org/springframework/spring-aop/5.0.4.RELEASE/spring-aop-5.0.4.RELEASE.jar:/Users/mikhail/.m2/repository/org/springframework/spring-context/5.0.4.RELEASE/spring-context-5.0.4.RELEASE.jar:/Users/mikhail/.m2/repository/org/springframework/spring-expression/5.0.4.RELEASE/spring-expression-5.0.4.RELEASE.jar:/Users/mikhail/.m2/repository/org/springframework/boot/spring-boot-starter-mustache/2.0.0.RELEASE/spring-boot-starter-mustache-2.0.0.RELEASE.jar:/Users/mikhail/.m2/repository/com/samskivert/jmustache/1.14/jmustache-1.14.jar:/Users/mikhail/.m2/repository/org/springframework/boot/spring-boot-devtools/2.0.0.RELEASE/spring-boot-devtools-2.0.0.RELEASE.jar:/Users/mikhail/.m2/repository/org/springframework/boot/spring-boot/2.0.0.RELEASE/spring-boot-2.0.0.RELEASE.jar:/Users/mikhail/.m2/repository/org/springframework/boot/spring-boot-autoconfigure/2.0.0.RELEASE/spring-boot-autoconfigure-2.0.0.RELEASE.jar:/Users/mikhail/.m2/repository/org/springframework/boot/spring-boot-starter-data-jpa/2.0.0.RELEASE/spring-boot-starter-data-jpa-2.0.0.RELEASE.jar:/Users/mikhail/.m2/repository/org/springframework/boot/spring-boot-starter-aop/2.0.0.RELEASE/spring-boot-starter-aop-2.0.0.RELEASE.jar:/Users/mikhail/.m2/repository/org/aspectj/aspectjweaver/1.8.13/aspectjweaver-1.8.13.jar:/Users/mikhail/.m2/repository/org/springframework/boot/spring-boot-starter-jdbc/2.0.0.RELEASE/spring-boot-starter-jdbc-2.0.0.RELEASE.jar:/Users/mikhail/.m2/repository/com/zaxxer/HikariCP/2.7.8/HikariCP-2.7.8.jar:/Users/mikhail/.m2/repository/org/springframework/spring-jdbc/5.0.4.RELEASE/spring-jdbc-5.0.4.RELEASE.jar:/Users/mikhail/.m2/repository/javax/transaction/javax.transaction-api/1.2/javax.transaction-api-1.2.jar:/Users/mikhail/.m2/repository/org/springframework/data/spring-data-jpa/2.0.5.RELEASE/spring-data-jpa-2.0.5.RELEASE.jar:/Users/mikhail/.m2/repository/org/springframework/data/spring-data-commons/2.0.5.RELEASE/spring-data-commons-2.0.5.RELEASE.jar:/Users/mikhail/.m2/repository/org/springframework/spring-orm/5.0.4.RELEASE/spring-orm-5.0.4.RELEASE.jar:/Users/mikhail/.m2/repository/org/springframework/spring-tx/5.0.4.RELEASE/spring-tx-5.0.4.RELEASE.jar:/Users/mikhail/.m2/repository/org/slf4j/slf4j-api/1.7.25/slf4j-api-1.7.25.jar:/Users/mikhail/.m2/repository/org/springframework/spring-aspects/5.0.4.RELEASE/spring-aspects-5.0.4.RELEASE.jar:/Users/mikhail/.m2/repository/org/postgresql/postgresql/42.2.1/postgresql-42.2.1.jar:/Users/mikhail/.m2/repository/org/hibernate/hibernate-entitymanager/5.2.3.Final/hibernate-entitymanager-5.2.3.Final.jar:/Users/mikhail/.m2/repository/org/jboss/logging/jboss-logging/3.3.2.Final/jboss-logging-3.3.2.Final.jar:/Users/mikhail/.m2/repository/dom4j/dom4j/1.6.1/dom4j-1.6.1.jar:/Users/mikhail/.m2/repository/org/hibernate/common/hibernate-commons-annotations/5.0.1.Final/hibernate-commons-annotations-5.0.1.Final.jar:/Users/mikhail/.m2/repository/org/hibernate/javax/persistence/hibernate-jpa-2.1-api/1.0.0.Final/hibernate-jpa-2.1-api-1.0.0.Final.jar:/Users/mikhail/.m2/repository/org/javassist/javassist/3.20.0-GA/javassist-3.20.0-GA.jar:/Users/mikhail/.m2/repository/org/apache/geronimo/specs/geronimo-jta_1.1_spec/1.1.1/geronimo-jta_1.1_spec-1.1.1.jar:/Users/mikhail/.m2/repository/javax/xml/bind/jaxb-api/2.3.0/jaxb-api-2.3.0.jar:/Users/mikhail/.m2/repository/javax/persistence/javax.persistence-api/2.2/javax.persistence-api-2.2.jar:/Users/mikhail/.m2/repository/org/springframework/boot/spring-boot-starter-hateoas/2.0.0.RELEASE/spring-boot-starter-hateoas-2.0.0.RELEASE.jar:/Users/mikhail/.m2/repository/org/springframework/hateoas/spring-hateoas/0.24.0.RELEASE/spring-hateoas-0.24.0.RELEASE.jar:/Users/mikhail/.m2/repository/org/springframework/plugin/spring-plugin-core/1.2.0.RELEASE/spring-plugin-core-1.2.0.RELEASE.jar:/Users/mikhail/.m2/repository/org/hibernate/javax/persistence/hibernate-jpa-2.0-api/1.0.1.Final/hibernate-jpa-2.0-api-1.0.1.Final.jar:/Users/mikhail/.m2/repository/org/hibernate/hibernate-core/5.2.1.Final/hibernate-core-5.2.1.Final.jar:/Users/mikhail/.m2/repository/antlr/antlr/2.7.7/antlr-2.7.7.jar:/Users/mikhail/.m2/repository/org/jboss/jandex/2.0.0.Final/jandex-2.0.0.Final.jar:/Users/mikhail/.m2/repository/com/fasterxml/classmate/1.3.4/classmate-1.3.4.jar:/Users/mikhail/.m2/repository/javax/enterprise/cdi-api/1.1-PFD/cdi-api-1.1-PFD.jar:/Users/mikhail/.m2/repository/javax/el/el-api/2.2/el-api-2.2.jar:/Users/mikhail/.m2/repository/org/jboss/spec/javax/interceptor/jboss-interceptors-api_1.1_spec/1.0.0.Beta1/jboss-interceptors-api_1.1_spec-1.0.0.Beta1.jar:/Users/mikhail/.m2/repository/javax/annotation/jsr250-api/1.0/jsr250-api-1.0.jar:/Users/mikhail/.m2/repository/javax/inject/javax.inject/1/javax.inject-1.jar:/Users/mikhail/.m2/repository/org/springframework/boot/spring-boot-starter-thymeleaf/2.0.0.RELEASE/spring-boot-starter-thymeleaf-2.0.0.RELEASE.jar:/Users/mikhail/.m2/repository/org/thymeleaf/thymeleaf-spring5/3.0.9.RELEASE/thymeleaf-spring5-3.0.9.RELEASE.jar:/Users/mikhail/.m2/repository/org/thymeleaf/thymeleaf/3.0.9.RELEASE/thymeleaf-3.0.9.RELEASE.jar:/Users/mikhail/.m2/repository/org/attoparser/attoparser/2.0.4.RELEASE/attoparser-2.0.4.RELEASE.jar:/Users/mikhail/.m2/repository/org/unbescape/unbescape/1.1.5.RELEASE/unbescape-1.1.5.RELEASE.jar:/Users/mikhail/.m2/repository/org/thymeleaf/extras/thymeleaf-extras-java8time/3.0.1.RELEASE/thymeleaf-extras-java8time-3.0.1.RELEASE.jar:/Users/mikhail/.m2/repository/org/apache/tomcat/embed/tomcat-embed-jasper/8.5.28/tomcat-embed-jasper-8.5.28.jar:/Users/mikhail/.m2/repository/org/apache/tomcat/embed/tomcat-embed-core/8.5.28/tomcat-embed-core-8.5.28.jar:/Users/mikhail/.m2/repository/org/apache/tomcat/tomcat-annotations-api/8.5.28/tomcat-annotations-api-8.5.28.jar:/Users/mikhail/.m2/repository/org/apache/tomcat/embed/tomcat-embed-el/8.5.28/tomcat-embed-el-8.5.28.jar:/Users/mikhail/.m2/repository/org/eclipse/jdt/ecj/3.12.3/ecj-3.12.3.jar:/Users/mikhail/.m2/repository/com/google/code/gson/gson/2.8.8/gson-2.8.8.jar:/Users/mikhail/.m2/repository/org/jetbrains/annotations/22.0.0/annotations-22.0.0.jar:/Users/mikhail/.m2/repository/org/junit/jupiter/junit-jupiter/5.8.1/junit-jupiter-5.8.1.jar:/Users/mikhail/.m2/repository/org/junit/jupiter/junit-jupiter-api/5.1.0/junit-jupiter-api-5.1.0.jar:/Users/mikhail/.m2/repository/org/apiguardian/apiguardian-api/1.0.0/apiguardian-api-1.0.0.jar:/Users/mikhail/.m2/repository/org/opentest4j/opentest4j/1.0.0/opentest4j-1.0.0.jar:/Users/mikhail/.m2/repository/org/junit/platform/junit-platform-commons/1.1.0/junit-platform-commons-1.1.0.jar:/Users/mikhail/.m2/repository/org/junit/jupiter/junit-jupiter-params/5.8.1/junit-jupiter-params-5.8.1.jar:/Users/mikhail/.m2/repository/org/junit/jupiter/junit-jupiter-engine/5.1.0/junit-jupiter-engine-5.1.0.jar:/Users/mikhail/.m2/repository/org/junit/platform/junit-platform-engine/1.1.0/junit-platform-engine-1.1.0.jar:/Users/mikhail/.m2/repository/org/springframework/boot/spring-boot-starter-test/2.5.5/spring-boot-starter-test-2.5.5.jar:/Users/mikhail/.m2/repository/org/springframework/boot/spring-boot-test/2.0.0.RELEASE/spring-boot-test-2.0.0.RELEASE.jar:/Users/mikhail/.m2/repository/org/springframework/boot/spring-boot-test-autoconfigure/2.0.0.RELEASE/spring-boot-test-autoconfigure-2.0.0.RELEASE.jar:/Users/mikhail/.m2/repository/com/jayway/jsonpath/json-path/2.4.0/json-path-2.4.0.jar:/Users/mikhail/.m2/repository/net/minidev/json-smart/2.3/json-smart-2.3.jar:/Users/mikhail/.m2/repository/net/minidev/accessors-smart/1.2/accessors-smart-1.2.jar:/Users/mikhail/.m2/repository/org/ow2/asm/asm/5.0.4/asm-5.0.4.jar:/Users/mikhail/.m2/repository/jakarta/xml/bind/jakarta.xml.bind-api/2.3.3/jakarta.xml.bind-api-2.3.3.jar:/Users/mikhail/.m2/repository/jakarta/activation/jakarta.activation-api/1.2.2/jakarta.activation-api-1.2.2.jar:/Users/mikhail/.m2/repository/org/assertj/assertj-core/3.9.1/assertj-core-3.9.1.jar:/Users/mikhail/.m2/repository/org/hamcrest/hamcrest/2.2/hamcrest-2.2.jar:/Users/mikhail/.m2/repository/org/mockito/mockito-core/2.15.0/mockito-core-2.15.0.jar:/Users/mikhail/.m2/repository/net/bytebuddy/byte-buddy/1.7.10/byte-buddy-1.7.10.jar:/Users/mikhail/.m2/repository/net/bytebuddy/byte-buddy-agent/1.7.10/byte-buddy-agent-1.7.10.jar:/Users/mikhail/.m2/repository/org/objenesis/objenesis/2.6/objenesis-2.6.jar:/Users/mikhail/.m2/repository/org/mockito/mockito-junit-jupiter/3.9.0/mockito-junit-jupiter-3.9.0.jar:/Users/mikhail/.m2/repository/org/skyscreamer/jsonassert/1.5.0/jsonassert-1.5.0.jar:/Users/mikhail/.m2/repository/com/vaadin/external/google/android-json/0.0.20131108.vaadin1/android-json-0.0.20131108.vaadin1.jar:/Users/mikhail/.m2/repository/org/springframework/spring-core/5.0.4.RELEASE/spring-core-5.0.4.RELEASE.jar:/Users/mikhail/.m2/repository/org/springframework/spring-jcl/5.0.4.RELEASE/spring-jcl-5.0.4.RELEASE.jar:/Users/mikhail/.m2/repository/org/springframework/spring-test/5.0.4.RELEASE/spring-test-5.0.4.RELEASE.jar:/Users/mikhail/.m2/repository/org/xmlunit/xmlunit-core/2.5.1/xmlunit-core-2.5.1.jar:, java.vm.vendor=Oracle Corporation, sun.arch.data.model=64, java.vendor.url=https://java.oracle.com/, user.timezone=Europe/Moscow, java.vm.specification.version=15, os.name=Mac OS X, sun.java.launcher=SUN_STANDARD, user.country=RU, sun.boot.library.path=/Library/Java/JavaVirtualMachines/jdk-15.0.2.jdk/Contents/Home/lib, sun.java.command=/Users/mikhail/hospital-applcation-project/target/surefire/surefirebooter10504203817455786853.jar /Users/mikhail/hospital-applcation-project/target/surefire 2021-11-24T17-04-20_927-jvmRun1 surefire11108056780662969119tmp surefire_02570450174501181498tmp, http.nonProxyHosts=local|*.local|169.254/16|*.169.254/16, jdk.debug=release, surefire.test.class.path=/Users/mikhail/hospital-applcation-project/target/test-classes:/Users/mikhail/hospital-applcation-project/target/classes:/Users/mikhail/.m2/repository/org/springframework/boot/spring-boot-starter-web/2.0.0.RELEASE/spring-boot-starter-web-2.0.0.RELEASE.jar:/Users/mikhail/.m2/repository/org/springframework/boot/spring-boot-starter/2.0.0.RELEASE/spring-boot-starter-2.0.0.RELEASE.jar:/Users/mikhail/.m2/repository/org/springframework/boot/spring-boot-starter-logging/2.0.0.RELEASE/spring-boot-starter-logging-2.0.0.RELEASE.jar:/Users/mikhail/.m2/repository/ch/qos/logback/logback-classic/1.2.3/logback-classic-1.2.3.jar:/Users/mikhail/.m2/repository/ch/qos/logback/logback-core/1.2.3/logback-core-1.2.3.jar:/Users/mikhail/.m2/repository/org/apache/logging/log4j/log4j-to-slf4j/2.10.0/log4j-to-slf4j-2.10.0.jar:/Users/mikhail/.m2/repository/org/apache/logging/log4j/log4j-api/2.10.0/log4j-api-2.10.0.jar:/Users/mikhail/.m2/repository/org/slf4j/jul-to-slf4j/1.7.25/jul-to-slf4j-1.7.25.jar:/Users/mikhail/.m2/repository/javax/annotation/javax.annotation-api/1.3.2/javax.annotation-api-1.3.2.jar:/Users/mikhail/.m2/repository/org/yaml/snakeyaml/1.19/snakeyaml-1.19.jar:/Users/mikhail/.m2/repository/org/springframework/boot/spring-boot-starter-json/2.0.0.RELEASE/spring-boot-starter-json-2.0.0.RELEASE.jar:/Users/mikhail/.m2/repository/com/fasterxml/jackson/core/jackson-databind/2.9.4/jackson-databind-2.9.4.jar:/Users/mikhail/.m2/repository/com/fasterxml/jackson/core/jackson-annotations/2.9.0/jackson-annotations-2.9.0.jar:/Users/mikhail/.m2/repository/com/fasterxml/jackson/core/jackson-core/2.9.4/jackson-core-2.9.4.jar:/Users/mikhail/.m2/repository/com/fasterxml/jackson/datatype/jackson-datatype-jdk8/2.9.4/jackson-datatype-jdk8-2.9.4.jar:/Users/mikhail/.m2/repository/com/fasterxml/jackson/datatype/jackson-datatype-jsr310/2.9.4/jackson-datatype-jsr310-2.9.4.jar:/Users/mikhail/.m2/repository/com/fasterxml/jackson/module/jackson-module-parameter-names/2.9.4/jackson-module-parameter-names-2.9.4.jar:/Users/mikhail/.m2/repository/org/springframework/boot/spring-boot-starter-tomcat/2.0.0.RELEASE/spring-boot-starter-tomcat-2.0.0.RELEASE.jar:/Users/mikhail/.m2/repository/org/apache/tomcat/embed/tomcat-embed-websocket/8.5.28/tomcat-embed-websocket-8.5.28.jar:/Users/mikhail/.m2/repository/org/hibernate/validator/hibernate-validator/6.0.7.Final/hibernate-validator-6.0.7.Final.jar:/Users/mikhail/.m2/repository/javax/validation/validation-api/2.0.1.Final/validation-api-2.0.1.Final.jar:/Users/mikhail/.m2/repository/org/springframework/spring-web/5.0.4.RELEASE/spring-web-5.0.4.RELEASE.jar:/Users/mikhail/.m2/repository/org/springframework/spring-beans/5.0.4.RELEASE/spring-beans-5.0.4.RELEASE.jar:/Users/mikhail/.m2/repository/org/springframework/spring-webmvc/5.0.4.RELEASE/spring-webmvc-5.0.4.RELEASE.jar:/Users/mikhail/.m2/repository/org/springframework/spring-aop/5.0.4.RELEASE/spring-aop-5.0.4.RELEASE.jar:/Users/mikhail/.m2/repository/org/springframework/spring-context/5.0.4.RELEASE/spring-context-5.0.4.RELEASE.jar:/Users/mikhail/.m2/repository/org/springframework/spring-expression/5.0.4.RELEASE/spring-expression-5.0.4.RELEASE.jar:/Users/mikhail/.m2/repository/org/springframework/boot/spring-boot-starter-mustache/2.0.0.RELEASE/spring-boot-starter-mustache-2.0.0.RELEASE.jar:/Users/mikhail/.m2/repository/com/samskivert/jmustache/1.14/jmustache-1.14.jar:/Users/mikhail/.m2/repository/org/springframework/boot/spring-boot-devtools/2.0.0.RELEASE/spring-boot-devtools-2.0.0.RELEASE.jar:/Users/mikhail/.m2/repository/org/springframework/boot/spring-boot/2.0.0.RELEASE/spring-boot-2.0.0.RELEASE.jar:/Users/mikhail/.m2/repository/org/springframework/boot/spring-boot-autoconfigure/2.0.0.RELEASE/spring-boot-autoconfigure-2.0.0.RELEASE.jar:/Users/mikhail/.m2/repository/org/springframework/boot/spring-boot-starter-data-jpa/2.0.0.RELEASE/spring-boot-starter-data-jpa-2.0.0.RELEASE.jar:/Users/mikhail/.m2/repository/org/springframework/boot/spring-boot-starter-aop/2.0.0.RELEASE/spring-boot-starter-aop-2.0.0.RELEASE.jar:/Users/mikhail/.m2/repository/org/aspectj/aspectjweaver/1.8.13/aspectjweaver-1.8.13.jar:/Users/mikhail/.m2/repository/org/springframework/boot/spring-boot-starter-jdbc/2.0.0.RELEASE/spring-boot-starter-jdbc-2.0.0.RELEASE.jar:/Users/mikhail/.m2/repository/com/zaxxer/HikariCP/2.7.8/HikariCP-2.7.8.jar:/Users/mikhail/.m2/repository/org/springframework/spring-jdbc/5.0.4.RELEASE/spring-jdbc-5.0.4.RELEASE.jar:/Users/mikhail/.m2/repository/javax/transaction/javax.transaction-api/1.2/javax.transaction-api-1.2.jar:/Users/mikhail/.m2/repository/org/springframework/data/spring-data-jpa/2.0.5.RELEASE/spring-data-jpa-2.0.5.RELEASE.jar:/Users/mikhail/.m2/repository/org/springframework/data/spring-data-commons/2.0.5.RELEASE/spring-data-commons-2.0.5.RELEASE.jar:/Users/mikhail/.m2/repository/org/springframework/spring-orm/5.0.4.RELEASE/spring-orm-5.0.4.RELEASE.jar:/Users/mikhail/.m2/repository/org/springframework/spring-tx/5.0.4.RELEASE/spring-tx-5.0.4.RELEASE.jar:/Users/mikhail/.m2/repository/org/slf4j/slf4j-api/1.7.25/slf4j-api-1.7.25.jar:/Users/mikhail/.m2/repository/org/springframework/spring-aspects/5.0.4.RELEASE/spring-aspects-5.0.4.RELEASE.jar:/Users/mikhail/.m2/repository/org/postgresql/postgresql/42.2.1/postgresql-42.2.1.jar:/Users/mikhail/.m2/repository/org/hibernate/hibernate-entitymanager/5.2.3.Final/hibernate-entitymanager-5.2.3.Final.jar:/Users/mikhail/.m2/repository/org/jboss/logging/jboss-logging/3.3.2.Final/jboss-logging-3.3.2.Final.jar:/Users/mikhail/.m2/repository/dom4j/dom4j/1.6.1/dom4j-1.6.1.jar:/Users/mikhail/.m2/repository/org/hibernate/common/hibernate-commons-annotations/5.0.1.Final/hibernate-commons-annotations-5.0.1.Final.jar:/Users/mikhail/.m2/repository/org/hibernate/javax/persistence/hibernate-jpa-2.1-api/1.0.0.Final/hibernate-jpa-2.1-api-1.0.0.Final.jar:/Users/mikhail/.m2/repository/org/javassist/javassist/3.20.0-GA/javassist-3.20.0-GA.jar:/Users/mikhail/.m2/repository/org/apache/geronimo/specs/geronimo-jta_1.1_spec/1.1.1/geronimo-jta_1.1_spec-1.1.1.jar:/Users/mikhail/.m2/repository/javax/xml/bind/jaxb-api/2.3.0/jaxb-api-2.3.0.jar:/Users/mikhail/.m2/repository/javax/persistence/javax.persistence-api/2.2/javax.persistence-api-2.2.jar:/Users/mikhail/.m2/repository/org/springframework/boot/spring-boot-starter-hateoas/2.0.0.RELEASE/spring-boot-starter-hateoas-2.0.0.RELEASE.jar:/Users/mikhail/.m2/repository/org/springframework/hateoas/spring-hateoas/0.24.0.RELEASE/spring-hateoas-0.24.0.RELEASE.jar:/Users/mikhail/.m2/repository/org/springframework/plugin/spring-plugin-core/1.2.0.RELEASE/spring-plugin-core-1.2.0.RELEASE.jar:/Users/mikhail/.m2/repository/org/hibernate/javax/persistence/hibernate-jpa-2.0-api/1.0.1.Final/hibernate-jpa-2.0-api-1.0.1.Final.jar:/Users/mikhail/.m2/repository/org/hibernate/hibernate-core/5.2.1.Final/hibernate-core-5.2.1.Final.jar:/Users/mikhail/.m2/repository/antlr/antlr/2.7.7/antlr-2.7.7.jar:/Users/mikhail/.m2/repository/org/jboss/jandex/2.0.0.Final/jandex-2.0.0.Final.jar:/Users/mikhail/.m2/repository/com/fasterxml/classmate/1.3.4/classmate-1.3.4.jar:/Users/mikhail/.m2/repository/javax/enterprise/cdi-api/1.1-PFD/cdi-api-1.1-PFD.jar:/Users/mikhail/.m2/repository/javax/el/el-api/2.2/el-api-2.2.jar:/Users/mikhail/.m2/repository/org/jboss/spec/javax/interceptor/jboss-interceptors-api_1.1_spec/1.0.0.Beta1/jboss-interceptors-api_1.1_spec-1.0.0.Beta1.jar:/Users/mikhail/.m2/repository/javax/annotation/jsr250-api/1.0/jsr250-api-1.0.jar:/Users/mikhail/.m2/repository/javax/inject/javax.inject/1/javax.inject-1.jar:/Users/mikhail/.m2/repository/org/springframework/boot/spring-boot-starter-thymeleaf/2.0.0.RELEASE/spring-boot-starter-thymeleaf-2.0.0.RELEASE.jar:/Users/mikhail/.m2/repository/org/thymeleaf/thymeleaf-spring5/3.0.9.RELEASE/thymeleaf-spring5-3.0.9.RELEASE.jar:/Users/mikhail/.m2/repository/org/thymeleaf/thymeleaf/3.0.9.RELEASE/thymeleaf-3.0.9.RELEASE.jar:/Users/mikhail/.m2/repository/org/attoparser/attoparser/2.0.4.RELEASE/attoparser-2.0.4.RELEASE.jar:/Users/mikhail/.m2/repository/org/unbescape/unbescape/1.1.5.RELEASE/unbescape-1.1.5.RELEASE.jar:/Users/mikhail/.m2/repository/org/thymeleaf/extras/thymeleaf-extras-java8time/3.0.1.RELEASE/thymeleaf-extras-java8time-3.0.1.RELEASE.jar:/Users/mikhail/.m2/repository/org/apache/tomcat/embed/tomcat-embed-jasper/8.5.28/tomcat-embed-jasper-8.5.28.jar:/Users/mikhail/.m2/repository/org/apache/tomcat/embed/tomcat-embed-core/8.5.28/tomcat-embed-core-8.5.28.jar:/Users/mikhail/.m2/repository/org/apache/tomcat/tomcat-annotations-api/8.5.28/tomcat-annotations-api-8.5.28.jar:/Users/mikhail/.m2/repository/org/apache/tomcat/embed/tomcat-embed-el/8.5.28/tomcat-embed-el-8.5.28.jar:/Users/mikhail/.m2/repository/org/eclipse/jdt/ecj/3.12.3/ecj-3.12.3.jar:/Users/mikhail/.m2/repository/com/google/code/gson/gson/2.8.8/gson-2.8.8.jar:/Users/mikhail/.m2/repository/org/jetbrains/annotations/22.0.0/annotations-22.0.0.jar:/Users/mikhail/.m2/repository/org/junit/jupiter/junit-jupiter/5.8.1/junit-jupiter-5.8.1.jar:/Users/mikhail/.m2/repository/org/junit/jupiter/junit-jupiter-api/5.1.0/junit-jupiter-api-5.1.0.jar:/Users/mikhail/.m2/repository/org/apiguardian/apiguardian-api/1.0.0/apiguardian-api-1.0.0.jar:/Users/mikhail/.m2/repository/org/opentest4j/opentest4j/1.0.0/opentest4j-1.0.0.jar:/Users/mikhail/.m2/repository/org/junit/platform/junit-platform-commons/1.1.0/junit-platform-commons-1.1.0.jar:/Users/mikhail/.m2/repository/org/junit/jupiter/junit-jupiter-params/5.8.1/junit-jupiter-params-5.8.1.jar:/Users/mikhail/.m2/repository/org/junit/jupiter/junit-jupiter-engine/5.1.0/junit-jupiter-engine-5.1.0.jar:/Users/mikhail/.m2/repository/org/junit/platform/junit-platform-engine/1.1.0/junit-platform-engine-1.1.0.jar:/Users/mikhail/.m2/repository/org/springframework/boot/spring-boot-starter-test/2.5.5/spring-boot-starter-test-2.5.5.jar:/Users/mikhail/.m2/repository/org/springframework/boot/spring-boot-test/2.0.0.RELEASE/spring-boot-test-2.0.0.RELEASE.jar:/Users/mikhail/.m2/repository/org/springframework/boot/spring-boot-test-autoconfigure/2.0.0.RELEASE/spring-boot-test-autoconfigure-2.0.0.RELEASE.jar:/Users/mikhail/.m2/repository/com/jayway/jsonpath/json-path/2.4.0/json-path-2.4.0.jar:/Users/mikhail/.m2/repository/net/minidev/json-smart/2.3/json-smart-2.3.jar:/Users/mikhail/.m2/repository/net/minidev/accessors-smart/1.2/accessors-smart-1.2.jar:/Users/mikhail/.m2/repository/org/ow2/asm/asm/5.0.4/asm-5.0.4.jar:/Users/mikhail/.m2/repository/jakarta/xml/bind/jakarta.xml.bind-api/2.3.3/jakarta.xml.bind-api-2.3.3.jar:/Users/mikhail/.m2/repository/jakarta/activation/jakarta.activation-api/1.2.2/jakarta.activation-api-1.2.2.jar:/Users/mikhail/.m2/repository/org/assertj/assertj-core/3.9.1/assertj-core-3.9.1.jar:/Users/mikhail/.m2/repository/org/hamcrest/hamcrest/2.2/hamcrest-2.2.jar:/Users/mikhail/.m2/repository/org/mockito/mockito-core/2.15.0/mockito-core-2.15.0.jar:/Users/mikhail/.m2/repository/net/bytebuddy/byte-buddy/1.7.10/byte-buddy-1.7.10.jar:/Users/mikhail/.m2/repository/net/bytebuddy/byte-buddy-agent/1.7.10/byte-buddy-agent-1.7.10.jar:/Users/mikhail/.m2/repository/org/objenesis/objenesis/2.6/objenesis-2.6.jar:/Users/mikhail/.m2/repository/org/mockito/mockito-junit-jupiter/3.9.0/mockito-junit-jupiter-3.9.0.jar:/Users/mikhail/.m2/repository/org/skyscreamer/jsonassert/1.5.0/jsonassert-1.5.0.jar:/Users/mikhail/.m2/repository/com/vaadin/external/google/android-json/0.0.20131108.vaadin1/android-json-0.0.20131108.vaadin1.jar:/Users/mikhail/.m2/repository/org/springframework/spring-core/5.0.4.RELEASE/spring-core-5.0.4.RELEASE.jar:/Users/mikhail/.m2/repository/org/springframework/spring-jcl/5.0.4.RELEASE/spring-jcl-5.0.4.RELEASE.jar:/Users/mikhail/.m2/repository/org/springframework/spring-test/5.0.4.RELEASE/spring-test-5.0.4.RELEASE.jar:/Users/mikhail/.m2/repository/org/xmlunit/xmlunit-core/2.5.1/xmlunit-core-2.5.1.jar:, sun.cpu.endian=little, user.home=/Users/mikhail, user.language=ru, java.specification.vendor=Oracle Corporation, java.version.date=2021-01-19, java.home=/Library/Java/JavaVirtualMachines/jdk-15.0.2.jdk/Contents/Home, file.separator=/, basedir=/Users/mikhail/hospital-applcation-project, java.vm.compressedOopsMode=Zero based, line.separator=
, java.vm.specification.vendor=Oracle Corporation, java.specification.name=Java Platform API Specification, surefire.real.class.path=/Users/mikhail/hospital-applcation-project/target/surefire/surefirebooter10504203817455786853.jar, sun.management.compiler=HotSpot 64-Bit Tiered Compilers, ftp.nonProxyHosts=local|*.local|169.254/16|*.169.254/16, java.runtime.version=15.0.2+7-27, user.name=mikhail, path.separator=:, os.version=10.16, java.runtime.name=Java(TM) SE Runtime Environment, file.encoding=UTF-8, java.vm.name=Java HotSpot(TM) 64-Bit Server VM, localRepository=/Users/mikhail/.m2/repository, java.vendor.url.bug=https://bugreport.java.com/bugreport/, java.io.tmpdir=/var/folders/tw/fq5nczjj20bb_z_h9ym52v2m0000gn/T/, idea.version=2021.1, java.version=15.0.2, user.dir=/Users/mikhail/hospital-applcation-project, os.arch=x86_64, java.vm.specification.name=Java Virtual Machine Specification, java.library.path=/Users/mikhail/Library/Java/Extensions:/Library/Java/Extensions:/Network/Library/Java/Extensions:/System/Library/Java/Extensions:/usr/lib/java:., java.vm.info=mixed mode, sharing, java.vendor=Oracle Corporation, java.vm.version=15.0.2+7-27, sun.io.unicode.encoding=UnicodeBig, socksNonProxyHosts=local|*.local|169.254/16|*.169.254/16, java.class.version=59.0}}, SystemEnvironmentPropertySource@1305935114 {name='systemEnvironment', properties={__CFBundleIdentifier=com.jetbrains.intellij, PATH=/Users/mikhail/anaconda3/bin:/opt/local/bin:/opt/local/sbin:/Library/Frameworks/Python.framework/Versions/3.9/bin:/Library/Frameworks/Python.framework/Versions/3.7/bin:/Library/Frameworks/Python.framework/Versions/3.8/bin:/usr/local/bin:/usr/bin:/bin:/usr/sbin:/sbin:/Library/Java/JavaVirtualMachines/jdk-15.0.2.jdk/Contents/Home/bin:/usr/local/apache-maven-3.8.2/bin:/Library/TeX/texbin:/usr/local/share/dotnet:/opt/X11/bin:~/.dotnet/tools:/Library/Apple/usr/bin:/Library/Frameworks/Mono.framework/Versions/Current/Commands, SHELL=/bin/zsh, JAVA_HOME=/Library/Java/JavaVirtualMachines/jdk-15.0.2.jdk/Contents/Home, OLDPWD=/Users/mikhail/hospital-applcation-project, USER=mikhail, COMMAND_MODE=unix2003, TMPDIR=/var/folders/tw/fq5nczjj20bb_z_h9ym52v2m0000gn/T/, JAVA_MAIN_CLASS_79319=org.codehaus.classworlds.Launcher, SSH_AUTH_SOCK=/private/tmp/com.apple.launchd.7LyjsbqTBK/Listeners, XPC_FLAGS=0x0, VERSIONER_PYTHON_VERSION=2.7, __CF_USER_TEXT_ENCODING=0x1F5:0x7:0x31, JAVA_MAIN_CLASS_79335=org.apache.maven.surefire.booter.ForkedBooter, LOGNAME=mikhail, LC_CTYPE=ru_RU.UTF-8, XPC_SERVICE_NAME=0, PWD=/Users/mikhail/hospital-applcation-project, HOME=/Users/mikhail, SHLVL=1, _=/Library/Java/JavaVirtualMachines/jdk-15.0.2.jdk/Contents/Home/bin/java}}]
17:04:22.270 [main] DEBUG org.springframework.test.context.support.TestPropertySourceUtils - Adding inlined properties to environment: {spring.jmx.enabled=false, org.springframework.boot.test.context.SpringBootTestContextBootstrapper=true, server.port=-1}
17:04:22.270 [main] DEBUG org.springframework.core.env.StandardEnvironment - Adding PropertySource 'Inlined Test Properties' with highest search precedence

  .   ____          _            __ _ _
 /\\ / ___'_ __ _ _(_)_ __  __ _ \ \ \ \
( ( )\___ | '_ | '_| | '_ \/ _` | \ \ \ \
 \\/  ___)| |_)| | | | | || (_| |  ) ) ) )
  '  |____| .__|_| |_|_| |_\__, | / / / /
 =========|_|==============|___/=/_/_/_/
 :: Spring Boot ::        (v2.0.0.RELEASE)

2021-11-24 17:04:22.629  INFO 79335 --- [           main] ScheduleServiceIntegrationTest           : Starting ScheduleServiceIntegrationTest on MacBook-Pro-Mihail.local with PID 79335 (started by mikhail in /Users/mikhail/hospital-applcation-project)
2021-11-24 17:04:22.629  INFO 79335 --- [           main] ScheduleServiceIntegrationTest           : The following profiles are active: development
2021-11-24 17:04:22.671  INFO 79335 --- [           main] o.s.w.c.s.GenericWebApplicationContext   : Refreshing org.springframework.web.context.support.GenericWebApplicationContext@447a020: startup date [Wed Nov 24 17:04:22 MSK 2021]; root of context hierarchy
2021-11-24 17:04:23.622  INFO 79335 --- [           main] f.a.AutowiredAnnotationBeanPostProcessor : JSR-330 'javax.inject.Inject' annotation found and supported for autowiring
2021-11-24 17:04:23.743  INFO 79335 --- [           main] trationDelegate$BeanPostProcessorChecker : Bean 'org.springframework.transaction.annotation.ProxyTransactionManagementConfiguration' of type [org.springframework.transaction.annotation.ProxyTransactionManagementConfiguration$$EnhancerBySpringCGLIB$$57c52ebf] is not eligible for getting processed by all BeanPostProcessors (for example: not eligible for auto-proxying)
2021-11-24 17:04:23.947  INFO 79335 --- [           main] com.zaxxer.hikari.HikariDataSource       : HikariPool-1 - Starting...
2021-11-24 17:04:24.116  INFO 79335 --- [           main] com.zaxxer.hikari.HikariDataSource       : HikariPool-1 - Start completed.
2021-11-24 17:04:24.150  INFO 79335 --- [           main] j.LocalContainerEntityManagerFactoryBean : Building JPA container EntityManagerFactory for persistence unit 'default'
2021-11-24 17:04:24.165  INFO 79335 --- [           main] o.hibernate.jpa.internal.util.LogHelper  : HHH000204: Processing PersistenceUnitInfo [
	name: default
	...]
2021-11-24 17:04:24.245  INFO 79335 --- [           main] org.hibernate.Version                    : HHH000412: Hibernate Core {5.2.1.Final}
2021-11-24 17:04:24.246  INFO 79335 --- [           main] org.hibernate.cfg.Environment            : HHH000206: hibernate.properties not found
2021-11-24 17:04:24.247  INFO 79335 --- [           main] org.hibernate.cfg.Environment            : HHH000021: Bytecode provider name : javassist
2021-11-24 17:04:24.283  INFO 79335 --- [           main] o.hibernate.annotations.common.Version   : HCANN000001: Hibernate Commons Annotations {5.0.1.Final}
2021-11-24 17:04:24.373  INFO 79335 --- [           main] org.hibernate.dialect.Dialect            : HHH000400: Using dialect: org.hibernate.dialect.PostgreSQLDialect
2021-11-24 17:04:24.466  INFO 79335 --- [           main] o.h.e.j.e.i.LobCreatorBuilderImpl        : HHH000421: Disabling contextual LOB creation as hibernate.jdbc.lob.non_contextual_creation is true
2021-11-24 17:04:24.467  INFO 79335 --- [           main] org.hibernate.type.BasicTypeRegistry     : HHH000270: Type registration [java.util.UUID] overrides previous : org.hibernate.type.UUIDBinaryType@1eca3ea7
2021-11-24 17:04:25.056  INFO 79335 --- [           main] j.LocalContainerEntityManagerFactoryBean : Initialized JPA EntityManagerFactory for persistence unit 'default'
2021-11-24 17:04:25.309  INFO 79335 --- [           main] o.h.h.i.QueryTranslatorFactoryInitiator  : HHH000397: Using ASTQueryTranslatorFactory
2021-11-24 17:04:26.063  INFO 79335 --- [           main] s.w.s.m.m.a.RequestMappingHandlerAdapter : Looking for @ControllerAdvice: org.springframework.web.context.support.GenericWebApplicationContext@447a020: startup date [Wed Nov 24 17:04:22 MSK 2021]; root of context hierarchy
2021-11-24 17:04:26.101  WARN 79335 --- [           main] aWebConfiguration$JpaWebMvcConfiguration : spring.jpa.open-in-view is enabled by default. Therefore, database queries may be performed during view rendering. Explicitly configure spring.jpa.open-in-view to disable this warning
2021-11-24 17:04:26.131  INFO 79335 --- [           main] s.w.s.m.m.a.RequestMappingHandlerMapping : Mapped "{[/api/appointments],methods=[GET]}" onto public org.springframework.http.ResponseEntity<java.util.List<com.NetCracker.Entities.Appointment>> com.NetCracker.Controllers.AppointmentController.getAllAppointments(java.lang.Long)
2021-11-24 17:04:26.132  INFO 79335 --- [           main] s.w.s.m.m.a.RequestMappingHandlerMapping : Mapped "{[/api/appointments/{id}],methods=[GET]}" onto public org.springframework.http.ResponseEntity<com.NetCracker.Entities.Appointment> com.NetCracker.Controllers.AppointmentController.getAppointmentById(java.lang.Long)
2021-11-24 17:04:26.133  INFO 79335 --- [           main] s.w.s.m.m.a.RequestMappingHandlerMapping : Mapped "{[/api/appointments],methods=[POST]}" onto public org.springframework.http.ResponseEntity<com.NetCracker.Entities.Appointment> com.NetCracker.Controllers.AppointmentController.createAppointment(com.NetCracker.Entities.Appointment)
2021-11-24 17:04:26.133  INFO 79335 --- [           main] s.w.s.m.m.a.RequestMappingHandlerMapping : Mapped "{[/api/appointments/{id}],methods=[PUT]}" onto public org.springframework.http.ResponseEntity<com.NetCracker.Entities.Appointment> com.NetCracker.Controllers.AppointmentController.updateAppointment(java.lang.Long,com.NetCracker.Entities.Appointment)
2021-11-24 17:04:26.134  INFO 79335 --- [           main] s.w.s.m.m.a.RequestMappingHandlerMapping : Mapped "{[/api/appointments/{id}],methods=[DELETE]}" onto public org.springframework.http.ResponseEntity<org.springframework.http.HttpStatus> com.NetCracker.Controllers.AppointmentController.deleteAppointment(java.lang.Long)
2021-11-24 17:04:26.135  INFO 79335 --- [           main] s.w.s.m.m.a.RequestMappingHandlerMapping : Mapped "{[/api/appointments],methods=[DELETE]}" onto public org.springframework.http.ResponseEntity<org.springframework.http.HttpStatus> com.NetCracker.Controllers.AppointmentController.deleteAllAppointments()
2021-11-24 17:04:26.138  INFO 79335 --- [           main] s.w.s.m.m.a.RequestMappingHandlerMapping : Mapped "{[/api/appointmentRegistrations/{doc}/{pat}],methods=[GET]}" onto public org.springframework.http.ResponseEntity<com.NetCracker.Entities.AppointmentRegistration> com.NetCracker.Controllers.AppointmentRegistrationController.getAppointmentRegistrationByDoctorAndPatient(java.lang.String,java.lang.String)
2021-11-24 17:04:26.138  INFO 79335 --- [           main] s.w.s.m.m.a.RequestMappingHandlerMapping : Mapped "{[/api/appointmentRegistrations],methods=[GET]}" onto public org.springframework.http.ResponseEntity<java.util.List<com.NetCracker.Entities.AppointmentRegistration>> com.NetCracker.Controllers.AppointmentRegistrationController.getAllAppointmentRegistrations(java.lang.Long)
2021-11-24 17:04:26.139  INFO 79335 --- [           main] s.w.s.m.m.a.RequestMappingHandlerMapping : Mapped "{[/api/appointmentRegistrations/{id}],methods=[GET]}" onto public org.springframework.http.ResponseEntity<com.NetCracker.Entities.AppointmentRegistration> com.NetCracker.Controllers.AppointmentRegistrationController.getAppointmentRegistrationById(java.lang.Long)
2021-11-24 17:04:26.139  INFO 79335 --- [           main] s.w.s.m.m.a.RequestMappingHandlerMapping : Mapped "{[/api/appointmentRegistrations],methods=[POST]}" onto public org.springframework.http.ResponseEntity<com.NetCracker.Entities.AppointmentRegistration> com.NetCracker.Controllers.AppointmentRegistrationController.createAppointmentRegistration(com.NetCracker.Entities.AppointmentRegistration)
2021-11-24 17:04:26.139  INFO 79335 --- [           main] s.w.s.m.m.a.RequestMappingHandlerMapping : Mapped "{[/api/appointmentRegistrations/{id}],methods=[PUT]}" onto public org.springframework.http.ResponseEntity<com.NetCracker.Entities.AppointmentRegistration> com.NetCracker.Controllers.AppointmentRegistrationController.updateAppointmentRegistration(java.lang.Long,com.NetCracker.Entities.AppointmentRegistration)
2021-11-24 17:04:26.140  INFO 79335 --- [           main] s.w.s.m.m.a.RequestMappingHandlerMapping : Mapped "{[/api/appointmentRegistrations/{id}],methods=[DELETE]}" onto public org.springframework.http.ResponseEntity<org.springframework.http.HttpStatus> com.NetCracker.Controllers.AppointmentRegistrationController.deleteAppointmentRegistration(java.lang.Long)
2021-11-24 17:04:26.140  INFO 79335 --- [           main] s.w.s.m.m.a.RequestMappingHandlerMapping : Mapped "{[/api/appointmentRegistrations],methods=[DELETE]}" onto public org.springframework.http.ResponseEntity<org.springframework.http.HttpStatus> com.NetCracker.Controllers.AppointmentRegistrationController.deleteAllAppointmentRegistrations()
2021-11-24 17:04:26.143  INFO 79335 --- [           main] s.w.s.m.m.a.RequestMappingHandlerMapping : Mapped "{[/api/doctors],methods=[GET]}" onto public org.springframework.http.ResponseEntity<java.util.List<com.NetCracker.Entities.Doctor>> com.NetCracker.Controllers.DoctorController.getAllDoctors(java.lang.Long)
2021-11-24 17:04:26.143  INFO 79335 --- [           main] s.w.s.m.m.a.RequestMappingHandlerMapping : Mapped "{[/api/doctors/id/{id}],methods=[GET]}" onto public org.springframework.http.ResponseEntity<com.NetCracker.Entities.Doctor> com.NetCracker.Controllers.DoctorController.getDoctorById(java.lang.Long)
2021-11-24 17:04:26.143  INFO 79335 --- [           main] s.w.s.m.m.a.RequestMappingHandlerMapping : Mapped "{[/api/doctors/lastname/{lastName}],methods=[GET]}" onto public org.springframework.http.ResponseEntity<com.NetCracker.Entities.Doctor> com.NetCracker.Controllers.DoctorController.getDoctorByLastName(java.lang.String)
2021-11-24 17:04:26.145  INFO 79335 --- [           main] s.w.s.m.m.a.RequestMappingHandlerMapping : Mapped "{[/api/doctors],methods=[POST]}" onto public org.springframework.http.ResponseEntity<com.NetCracker.Entities.Doctor> com.NetCracker.Controllers.DoctorController.createDoctor(com.NetCracker.Entities.Doctor)
2021-11-24 17:04:26.145  INFO 79335 --- [           main] s.w.s.m.m.a.RequestMappingHandlerMapping : Mapped "{[/api/doctors/{id}],methods=[PUT]}" onto public org.springframework.http.ResponseEntity<com.NetCracker.Entities.Doctor> com.NetCracker.Controllers.DoctorController.updateDoctor(java.lang.Long,com.NetCracker.Entities.Doctor)
2021-11-24 17:04:26.145  INFO 79335 --- [           main] s.w.s.m.m.a.RequestMappingHandlerMapping : Mapped "{[/api/doctors/{id}],methods=[DELETE]}" onto public org.springframework.http.ResponseEntity<org.springframework.http.HttpStatus> com.NetCracker.Controllers.DoctorController.deleteDoctor(java.lang.Long)
2021-11-24 17:04:26.146  INFO 79335 --- [           main] s.w.s.m.m.a.RequestMappingHandlerMapping : Mapped "{[/api/doctors],methods=[DELETE]}" onto public org.springframework.http.ResponseEntity<org.springframework.http.HttpStatus> com.NetCracker.Controllers.DoctorController.deleteAllDoctors()
2021-11-24 17:04:26.147  INFO 79335 --- [           main] s.w.s.m.m.a.RequestMappingHandlerMapping : Mapped "{[/api/files/{id}],methods=[POST]}" onto public org.springframework.http.ResponseEntity<com.NetCracker.Entities.File> com.NetCracker.Controllers.FileController.createFile(java.util.List<org.springframework.web.multipart.MultipartFile>,java.lang.Long)
2021-11-24 17:04:26.148  INFO 79335 --- [           main] s.w.s.m.m.a.RequestMappingHandlerMapping : Mapped "{[/api/files],methods=[GET]}" onto public org.springframework.http.ResponseEntity<java.util.List<com.NetCracker.Entities.File>> com.NetCracker.Controllers.FileController.getAllFiles(java.lang.Long)
2021-11-24 17:04:26.148  INFO 79335 --- [           main] s.w.s.m.m.a.RequestMappingHandlerMapping : Mapped "{[/api/files/id/{id}],methods=[GET]}" onto public org.springframework.http.ResponseEntity<com.NetCracker.Entities.File> com.NetCracker.Controllers.FileController.getFilesByPatientId(java.lang.Long)
2021-11-24 17:04:26.148  INFO 79335 --- [           main] s.w.s.m.m.a.RequestMappingHandlerMapping : Mapped "{[/api/files/{file_id}/{patient_id}],methods=[PUT]}" onto public org.springframework.http.ResponseEntity<com.NetCracker.Entities.File> com.NetCracker.Controllers.FileController.updateFile(java.lang.Long,java.lang.Long,org.springframework.web.multipart.MultipartFile) throws java.io.IOException
2021-11-24 17:04:26.149  INFO 79335 --- [           main] s.w.s.m.m.a.RequestMappingHandlerMapping : Mapped "{[/api/files/{id}],methods=[DELETE]}" onto public org.springframework.http.ResponseEntity<org.springframework.http.HttpStatus> com.NetCracker.Controllers.FileController.deleteFile(java.lang.Long)
2021-11-24 17:04:26.152  INFO 79335 --- [           main] s.w.s.m.m.a.RequestMappingHandlerMapping : Mapped "{[/api/patients/lastname/{lastName}],methods=[GET]}" onto public org.springframework.http.ResponseEntity<com.NetCracker.Entities.Patient> com.NetCracker.Controllers.PatientController.getDoctorByLastName(java.lang.String)
2021-11-24 17:04:26.152  INFO 79335 --- [           main] s.w.s.m.m.a.RequestMappingHandlerMapping : Mapped "{[/api/patients],methods=[GET]}" onto public org.springframework.http.ResponseEntity<java.util.List<com.NetCracker.Entities.Patient>> com.NetCracker.Controllers.PatientController.getAllPatients(java.lang.Long)
2021-11-24 17:04:26.153  INFO 79335 --- [           main] s.w.s.m.m.a.RequestMappingHandlerMapping : Mapped "{[/api/patients/id/{id}],methods=[GET]}" onto public org.springframework.http.ResponseEntity<com.NetCracker.Entities.Patient> com.NetCracker.Controllers.PatientController.getPatientById(java.lang.Long)
2021-11-24 17:04:26.153  INFO 79335 --- [           main] s.w.s.m.m.a.RequestMappingHandlerMapping : Mapped "{[/api/patients],methods=[POST]}" onto public org.springframework.http.ResponseEntity<com.NetCracker.Entities.Patient> com.NetCracker.Controllers.PatientController.createPatient(com.NetCracker.Entities.Patient)
2021-11-24 17:04:26.154  INFO 79335 --- [           main] s.w.s.m.m.a.RequestMappingHandlerMapping : Mapped "{[/api/patients/{id}],methods=[PUT]}" onto public org.springframework.http.ResponseEntity<com.NetCracker.Entities.Patient> com.NetCracker.Controllers.PatientController.updatePatient(java.lang.Long,com.NetCracker.Entities.Patient)
2021-11-24 17:04:26.154  INFO 79335 --- [           main] s.w.s.m.m.a.RequestMappingHandlerMapping : Mapped "{[/api/patients/{id}],methods=[DELETE]}" onto public org.springframework.http.ResponseEntity<org.springframework.http.HttpStatus> com.NetCracker.Controllers.PatientController.deletePatient(java.lang.Long)
2021-11-24 17:04:26.154  INFO 79335 --- [           main] s.w.s.m.m.a.RequestMappingHandlerMapping : Mapped "{[/api/patients],methods=[DELETE]}" onto public org.springframework.http.ResponseEntity<org.springframework.http.HttpStatus> com.NetCracker.Controllers.PatientController.deleteAllPatients()
2021-11-24 17:04:26.157  INFO 79335 --- [           main] s.w.s.m.m.a.RequestMappingHandlerMapping : Mapped "{[/schedule/table],methods=[GET]}" onto public org.springframework.http.ResponseEntity<java.lang.String> com.NetCracker.Controllers.ScheduleController.getDataForTable(java.lang.String,java.lang.String,java.lang.String)
2021-11-24 17:04:26.157  INFO 79335 --- [           main] s.w.s.m.m.a.RequestMappingHandlerMapping : Mapped "{[/schedule/calendar],methods=[GET]}" onto public org.springframework.http.ResponseEntity<java.lang.String> com.NetCracker.Controllers.ScheduleController.getDataForCalendar(java.lang.String,java.lang.String,java.lang.String,java.lang.Boolean)
2021-11-24 17:04:26.158  INFO 79335 --- [           main] s.w.s.m.m.a.RequestMappingHandlerMapping : Mapped "{[/schedule/calendar/getDoctorNames],methods=[GET]}" onto public org.springframework.http.ResponseEntity<java.lang.String> com.NetCracker.Controllers.ScheduleController.getDoctorNames(java.util.List<java.lang.Long>)
2021-11-24 17:04:26.158  INFO 79335 --- [           main] s.w.s.m.m.a.RequestMappingHandlerMapping : Mapped "{[/test],methods=[GET]}" onto public org.springframework.http.ResponseEntity<java.lang.String> com.NetCracker.Controllers.ScheduleController.testMapping()
2021-11-24 17:04:26.160  INFO 79335 --- [           main] s.w.s.m.m.a.RequestMappingHandlerMapping : Mapped "{[/error]}" onto public org.springframework.http.ResponseEntity<java.util.Map<java.lang.String, java.lang.Object>> org.springframework.boot.autoconfigure.web.servlet.error.BasicErrorController.error(javax.servlet.http.HttpServletRequest)
2021-11-24 17:04:26.161  INFO 79335 --- [           main] s.w.s.m.m.a.RequestMappingHandlerMapping : Mapped "{[/error],produces=[text/html]}" onto public org.springframework.web.servlet.ModelAndView org.springframework.boot.autoconfigure.web.servlet.error.BasicErrorController.errorHtml(javax.servlet.http.HttpServletRequest,javax.servlet.http.HttpServletResponse)
2021-11-24 17:04:26.194  INFO 79335 --- [           main] o.s.w.s.handler.SimpleUrlHandlerMapping  : Mapped URL path [/webjars/**] onto handler of type [class org.springframework.web.servlet.resource.ResourceHttpRequestHandler]
2021-11-24 17:04:26.194  INFO 79335 --- [           main] o.s.w.s.handler.SimpleUrlHandlerMapping  : Mapped URL path [/**] onto handler of type [class org.springframework.web.servlet.resource.ResourceHttpRequestHandler]
2021-11-24 17:04:26.209  INFO 79335 --- [           main] .m.m.a.ExceptionHandlerExceptionResolver : Detected @ExceptionHandler methods in appointmentNotFoundAdvice
2021-11-24 17:04:26.209  INFO 79335 --- [           main] .m.m.a.ExceptionHandlerExceptionResolver : Detected @ExceptionHandler methods in appointmentRegistrationNotFoundAdvice
2021-11-24 17:04:26.209  INFO 79335 --- [           main] .m.m.a.ExceptionHandlerExceptionResolver : Detected @ExceptionHandler methods in doctorNotFoundAdvice
2021-11-24 17:04:26.209  INFO 79335 --- [           main] .m.m.a.ExceptionHandlerExceptionResolver : Detected @ExceptionHandler methods in patientNotFoundAdvice
2021-11-24 17:04:26.230  INFO 79335 --- [           main] o.s.w.s.handler.SimpleUrlHandlerMapping  : Mapped URL path [/**/favicon.ico] onto handler of type [class org.springframework.web.servlet.resource.ResourceHttpRequestHandler]
2021-11-24 17:04:26.339  INFO 79335 --- [           main] o.s.b.a.w.s.WelcomePageHandlerMapping    : Adding welcome page: ServletContext resource [/index.html]
2021-11-24 17:04:26.577  INFO 79335 --- [           main] ScheduleServiceIntegrationTest           : Started ScheduleServiceIntegrationTest in 4.298 seconds (JVM running for 5.035)
2021-11-24 17:04:26.579  INFO 79335 --- [           main] c.NetCracker.Configuration.LoadDatabase  : Preloading 
]]></system-out>
    <system-err><![CDATA[Doctor Doctor{id=208} has no schedule to prolong.
Doctor Doctor{id=208} has no schedule to prolong.
Doctor Doctor{id=209} has no schedule to prolong.
]]></system-err>
  </testcase>
  <testcase name="testStatusGet" classname="ScheduleServiceIntegrationTest" time="0.029">
    <failure message="expected: not &lt;null&gt;" type="org.opentest4j.AssertionFailedError"><![CDATA[org.opentest4j.AssertionFailedError: expected: not <null>
	at ScheduleServiceIntegrationTest.testStatusGet(ScheduleServiceIntegrationTest.java:98)
]]></failure>
    <system-err><![CDATA[Doctor Doctor{id=212} has no schedule to prolong.
Doctor Doctor{id=212} has no schedule to prolong.
Doctor Doctor{id=213} has no schedule to prolong.
]]></system-err>
  </testcase>
  <testcase name="testStatusSet" classname="ScheduleServiceIntegrationTest" time="0.025">
    <error message="detached entity passed to persist: com.NetCracker.Entities.Schedule.DoctorSchedule; nested exception is org.hibernate.PersistentObjectException: detached entity passed to persist: com.NetCracker.Entities.Schedule.DoctorSchedule" type="org.springframework.dao.InvalidDataAccessApiUsageException">org.springframework.dao.InvalidDataAccessApiUsageException: detached entity passed to persist: com.NetCracker.Entities.Schedule.DoctorSchedule; nested exception is org.hibernate.PersistentObjectException: detached entity passed to persist: com.NetCracker.Entities.Schedule.DoctorSchedule
	at ScheduleServiceIntegrationTest.testStatusSet(ScheduleServiceIntegrationTest.java:110)
Caused by: org.hibernate.PersistentObjectException: detached entity passed to persist: com.NetCracker.Entities.Schedule.DoctorSchedule
	at ScheduleServiceIntegrationTest.testStatusSet(ScheduleServiceIntegrationTest.java:110)
</error>
    <system-err><![CDATA[Doctor Doctor{id=216} has no schedule to prolong.
Doctor Doctor{id=216} has no schedule to prolong.
Doctor Doctor{id=217} has no schedule to prolong.
]]></system-err>
  </testcase>
  <testcase name="DBIntegrationTestCreate" classname="ScheduleServiceIntegrationTest" time="0.023">
    <error message="Cannot invoke &quot;com.NetCracker.Entities.Schedule.DoctorSchedule.getId()&quot; because &quot;loadedSchedule&quot; is null" type="java.lang.NullPointerException">java.lang.NullPointerException: Cannot invoke "com.NetCracker.Entities.Schedule.DoctorSchedule.getId()" because "loadedSchedule" is null
	at ScheduleServiceIntegrationTest.DBIntegrationTestCreate(ScheduleServiceIntegrationTest.java:150)
</error>
    <system-err><![CDATA[Doctor Doctor{id=220} has no schedule to prolong.
Doctor Doctor{id=220} has no schedule to prolong.
Doctor Doctor{id=221} has no schedule to prolong.
]]></system-err>
  </testcase>
  <testcase name="DBIntegrationTestDelete" classname="ScheduleServiceIntegrationTest" time="0.061"/>
</testsuite>